ERROR - 2023-10-31 21:19:18 --> Error connecting to the database: mysqli_sql_exception: Access denied for user 'root'@'localhost' (using password: YES) in C:\xampp\htdocs\ci4\system\Database\MySQLi\Connection.php:184
Stack trace:
#0 C:\xampp\htdocs\ci4\system\Database\MySQLi\Connection.php(184): mysqli->real_connect('localhost', 'root', Object(SensitiveParameterValue), 'ci4', 3306, '', 0)
#1 C:\xampp\htdocs\ci4\system\Database\BaseConnection.php(392): CodeIgniter\Database\MySQLi\Connection->connect(false)
#2 C:\xampp\htdocs\ci4\system\Database\BaseConnection.php(575): CodeIgniter\Database\BaseConnection->initialize()
#3 C:\xampp\htdocs\ci4\system\Database\BaseBuilder.php(1615): CodeIgniter\Database\BaseConnection->query('SELECT *\nFROM `...', Array, false)
#4 C:\xampp\htdocs\ci4\system\Model.php(264): CodeIgniter\Database\BaseBuilder->get()
#5 C:\xampp\htdocs\ci4\system\BaseModel.php(662): CodeIgniter\Model->doFirst()
#6 C:\xampp\htdocs\ci4\app\Models\NewsModel.php(17): CodeIgniter\BaseModel->first()
#7 C:\xampp\htdocs\ci4\app\Controllers\News.php(20): App\Models\NewsModel->getNews('old')
#8 C:\xampp\htdocs\ci4\system\CodeIgniter.php(942): App\Controllers\News->show('old')
#9 C:\xampp\htdocs\ci4\system\CodeIgniter.php(502): CodeIgniter\CodeIgniter->runController(Object(App\Controllers\News))
#10 C:\xampp\htdocs\ci4\system\CodeIgniter.php(361): CodeIgniter\CodeIgniter->handleRequest(NULL, Object(Config\Cache), false)
#11 C:\xampp\htdocs\ci4\public\index.php(79): CodeIgniter\CodeIgniter->run()
#12 {main}

Next CodeIgniter\Database\Exceptions\DatabaseException: Access denied for user '****'@'localhost' (using password: YES) in C:\xampp\htdocs\ci4\system\Database\MySQLi\Connection.php:229
Stack trace:
#0 C:\xampp\htdocs\ci4\system\Database\BaseConnection.php(392): CodeIgniter\Database\MySQLi\Connection->connect(false)
#1 C:\xampp\htdocs\ci4\system\Database\BaseConnection.php(575): CodeIgniter\Database\BaseConnection->initialize()
#2 C:\xampp\htdocs\ci4\system\Database\BaseBuilder.php(1615): CodeIgniter\Database\BaseConnection->query('SELECT *\nFROM `...', Array, false)
#3 C:\xampp\htdocs\ci4\system\Model.php(264): CodeIgniter\Database\BaseBuilder->get()
#4 C:\xampp\htdocs\ci4\system\BaseModel.php(662): CodeIgniter\Model->doFirst()
#5 C:\xampp\htdocs\ci4\app\Models\NewsModel.php(17): CodeIgniter\BaseModel->first()
#6 C:\xampp\htdocs\ci4\app\Controllers\News.php(20): App\Models\NewsModel->getNews('old')
#7 C:\xampp\htdocs\ci4\system\CodeIgniter.php(942): App\Controllers\News->show('old')
#8 C:\xampp\htdocs\ci4\system\CodeIgniter.php(502): CodeIgniter\CodeIgniter->runController(Object(App\Controllers\News))
#9 C:\xampp\htdocs\ci4\system\CodeIgniter.php(361): CodeIgniter\CodeIgniter->handleRequest(NULL, Object(Config\Cache), false)
#10 C:\xampp\htdocs\ci4\public\index.php(79): CodeIgniter\CodeIgniter->run()
#11 {main}
CRITICAL - 2023-10-31 21:19:18 --> Unable to connect to the database.
Main connection [MySQLi]: Access denied for user '****'@'localhost' (using password: YES)
in SYSTEMPATH\Database\BaseConnection.php on line 428.
 1 SYSTEMPATH\Database\BaseConnection.php(575): CodeIgniter\Database\BaseConnection->initialize()
 2 SYSTEMPATH\Database\BaseBuilder.php(1615): CodeIgniter\Database\BaseConnection->query('SELECT *
FROM `news`
WHERE `slug` = :slug:
 LIMIT 1', [...], false)
 3 SYSTEMPATH\Model.php(264): CodeIgniter\Database\BaseBuilder->get()
 4 SYSTEMPATH\BaseModel.php(662): CodeIgniter\Model->doFirst()
 5 APPPATH\Models\NewsModel.php(17): CodeIgniter\BaseModel->first()
 6 APPPATH\Controllers\News.php(20): App\Models\NewsModel->getNews('old')
 7 SYSTEMPATH\CodeIgniter.php(942): App\Controllers\News->show('old')
 8 SYSTEMPATH\CodeIgniter.php(502): CodeIgniter\CodeIgniter->runController(Object(App\Controllers\News))
 9 SYSTEMPATH\CodeIgniter.php(361): CodeIgniter\CodeIgniter->handleRequest(null, Object(Config\Cache), false)
10 FCPATH\index.php(79): CodeIgniter\CodeIgniter->run()
ERROR - 2023-10-31 21:22:46 --> Error connecting to the database: mysqli_sql_exception: Unknown database 'ci4' in C:\xampp\htdocs\ci4\system\Database\MySQLi\Connection.php:184
Stack trace:
#0 C:\xampp\htdocs\ci4\system\Database\MySQLi\Connection.php(184): mysqli->real_connect('localhost', 'root', Object(SensitiveParameterValue), 'ci4', 3306, '', 0)
#1 C:\xampp\htdocs\ci4\system\Database\BaseConnection.php(392): CodeIgniter\Database\MySQLi\Connection->connect(false)
#2 C:\xampp\htdocs\ci4\system\Database\BaseConnection.php(575): CodeIgniter\Database\BaseConnection->initialize()
#3 C:\xampp\htdocs\ci4\system\Database\BaseBuilder.php(1615): CodeIgniter\Database\BaseConnection->query('SELECT *\nFROM `...', Array, false)
#4 C:\xampp\htdocs\ci4\system\Model.php(264): CodeIgniter\Database\BaseBuilder->get()
#5 C:\xampp\htdocs\ci4\system\BaseModel.php(662): CodeIgniter\Model->doFirst()
#6 C:\xampp\htdocs\ci4\app\Models\NewsModel.php(17): CodeIgniter\BaseModel->first()
#7 C:\xampp\htdocs\ci4\app\Controllers\News.php(20): App\Models\NewsModel->getNews('old')
#8 C:\xampp\htdocs\ci4\system\CodeIgniter.php(942): App\Controllers\News->show('old')
#9 C:\xampp\htdocs\ci4\system\CodeIgniter.php(502): CodeIgniter\CodeIgniter->runController(Object(App\Controllers\News))
#10 C:\xampp\htdocs\ci4\system\CodeIgniter.php(361): CodeIgniter\CodeIgniter->handleRequest(NULL, Object(Config\Cache), false)
#11 C:\xampp\htdocs\ci4\public\index.php(79): CodeIgniter\CodeIgniter->run()
#12 {main}

Next CodeIgniter\Database\Exceptions\DatabaseException: Unknown database 'ci4' in C:\xampp\htdocs\ci4\system\Database\MySQLi\Connection.php:229
Stack trace:
#0 C:\xampp\htdocs\ci4\system\Database\BaseConnection.php(392): CodeIgniter\Database\MySQLi\Connection->connect(false)
#1 C:\xampp\htdocs\ci4\system\Database\BaseConnection.php(575): CodeIgniter\Database\BaseConnection->initialize()
#2 C:\xampp\htdocs\ci4\system\Database\BaseBuilder.php(1615): CodeIgniter\Database\BaseConnection->query('SELECT *\nFROM `...', Array, false)
#3 C:\xampp\htdocs\ci4\system\Model.php(264): CodeIgniter\Database\BaseBuilder->get()
#4 C:\xampp\htdocs\ci4\system\BaseModel.php(662): CodeIgniter\Model->doFirst()
#5 C:\xampp\htdocs\ci4\app\Models\NewsModel.php(17): CodeIgniter\BaseModel->first()
#6 C:\xampp\htdocs\ci4\app\Controllers\News.php(20): App\Models\NewsModel->getNews('old')
#7 C:\xampp\htdocs\ci4\system\CodeIgniter.php(942): App\Controllers\News->show('old')
#8 C:\xampp\htdocs\ci4\system\CodeIgniter.php(502): CodeIgniter\CodeIgniter->runController(Object(App\Controllers\News))
#9 C:\xampp\htdocs\ci4\system\CodeIgniter.php(361): CodeIgniter\CodeIgniter->handleRequest(NULL, Object(Config\Cache), false)
#10 C:\xampp\htdocs\ci4\public\index.php(79): CodeIgniter\CodeIgniter->run()
#11 {main}
CRITICAL - 2023-10-31 21:22:46 --> Unable to connect to the database.
Main connection [MySQLi]: Unknown database 'ci4'
in SYSTEMPATH\Database\BaseConnection.php on line 428.
 1 SYSTEMPATH\Database\BaseConnection.php(575): CodeIgniter\Database\BaseConnection->initialize()
 2 SYSTEMPATH\Database\BaseBuilder.php(1615): CodeIgniter\Database\BaseConnection->query('SELECT *
FROM `news`
WHERE `slug` = :slug:
 LIMIT 1', [...], false)
 3 SYSTEMPATH\Model.php(264): CodeIgniter\Database\BaseBuilder->get()
 4 SYSTEMPATH\BaseModel.php(662): CodeIgniter\Model->doFirst()
 5 APPPATH\Models\NewsModel.php(17): CodeIgniter\BaseModel->first()
 6 APPPATH\Controllers\News.php(20): App\Models\NewsModel->getNews('old')
 7 SYSTEMPATH\CodeIgniter.php(942): App\Controllers\News->show('old')
 8 SYSTEMPATH\CodeIgniter.php(502): CodeIgniter\CodeIgniter->runController(Object(App\Controllers\News))
 9 SYSTEMPATH\CodeIgniter.php(361): CodeIgniter\CodeIgniter->handleRequest(null, Object(Config\Cache), false)
10 FCPATH\index.php(79): CodeIgniter\CodeIgniter->run()
ERROR - 2023-10-31 21:22:55 --> Error connecting to the database: mysqli_sql_exception: Unknown database 'ci4' in C:\xampp\htdocs\ci4\system\Database\MySQLi\Connection.php:184
Stack trace:
#0 C:\xampp\htdocs\ci4\system\Database\MySQLi\Connection.php(184): mysqli->real_connect('localhost', 'root', Object(SensitiveParameterValue), 'ci4', 3306, '', 0)
#1 C:\xampp\htdocs\ci4\system\Database\BaseConnection.php(392): CodeIgniter\Database\MySQLi\Connection->connect(false)
#2 C:\xampp\htdocs\ci4\system\Database\BaseConnection.php(575): CodeIgniter\Database\BaseConnection->initialize()
#3 C:\xampp\htdocs\ci4\system\Database\BaseBuilder.php(1615): CodeIgniter\Database\BaseConnection->query('SELECT *\nFROM `...', Array, false)
#4 C:\xampp\htdocs\ci4\system\Model.php(237): CodeIgniter\Database\BaseBuilder->get()
#5 C:\xampp\htdocs\ci4\system\BaseModel.php(624): CodeIgniter\Model->doFindAll(0, 0)
#6 C:\xampp\htdocs\ci4\app\Models\NewsModel.php(14): CodeIgniter\BaseModel->findAll()
#7 C:\xampp\htdocs\ci4\app\Controllers\News.php(13): App\Models\NewsModel->getNews()
#8 C:\xampp\htdocs\ci4\system\CodeIgniter.php(942): App\Controllers\News->index()
#9 C:\xampp\htdocs\ci4\system\CodeIgniter.php(502): CodeIgniter\CodeIgniter->runController(Object(App\Controllers\News))
#10 C:\xampp\htdocs\ci4\system\CodeIgniter.php(361): CodeIgniter\CodeIgniter->handleRequest(NULL, Object(Config\Cache), false)
#11 C:\xampp\htdocs\ci4\public\index.php(79): CodeIgniter\CodeIgniter->run()
#12 {main}

Next CodeIgniter\Database\Exceptions\DatabaseException: Unknown database 'ci4' in C:\xampp\htdocs\ci4\system\Database\MySQLi\Connection.php:229
Stack trace:
#0 C:\xampp\htdocs\ci4\system\Database\BaseConnection.php(392): CodeIgniter\Database\MySQLi\Connection->connect(false)
#1 C:\xampp\htdocs\ci4\system\Database\BaseConnection.php(575): CodeIgniter\Database\BaseConnection->initialize()
#2 C:\xampp\htdocs\ci4\system\Database\BaseBuilder.php(1615): CodeIgniter\Database\BaseConnection->query('SELECT *\nFROM `...', Array, false)
#3 C:\xampp\htdocs\ci4\system\Model.php(237): CodeIgniter\Database\BaseBuilder->get()
#4 C:\xampp\htdocs\ci4\system\BaseModel.php(624): CodeIgniter\Model->doFindAll(0, 0)
#5 C:\xampp\htdocs\ci4\app\Models\NewsModel.php(14): CodeIgniter\BaseModel->findAll()
#6 C:\xampp\htdocs\ci4\app\Controllers\News.php(13): App\Models\NewsModel->getNews()
#7 C:\xampp\htdocs\ci4\system\CodeIgniter.php(942): App\Controllers\News->index()
#8 C:\xampp\htdocs\ci4\system\CodeIgniter.php(502): CodeIgniter\CodeIgniter->runController(Object(App\Controllers\News))
#9 C:\xampp\htdocs\ci4\system\CodeIgniter.php(361): CodeIgniter\CodeIgniter->handleRequest(NULL, Object(Config\Cache), false)
#10 C:\xampp\htdocs\ci4\public\index.php(79): CodeIgniter\CodeIgniter->run()
#11 {main}
CRITICAL - 2023-10-31 21:22:55 --> Unable to connect to the database.
Main connection [MySQLi]: Unknown database 'ci4'
in SYSTEMPATH\Database\BaseConnection.php on line 428.
 1 SYSTEMPATH\Database\BaseConnection.php(575): CodeIgniter\Database\BaseConnection->initialize()
 2 SYSTEMPATH\Database\BaseBuilder.php(1615): CodeIgniter\Database\BaseConnection->query('SELECT *
FROM `news`', [], false)
 3 SYSTEMPATH\Model.php(237): CodeIgniter\Database\BaseBuilder->get()
 4 SYSTEMPATH\BaseModel.php(624): CodeIgniter\Model->doFindAll(0, 0)
 5 APPPATH\Models\NewsModel.php(14): CodeIgniter\BaseModel->findAll()
 6 APPPATH\Controllers\News.php(13): App\Models\NewsModel->getNews()
 7 SYSTEMPATH\CodeIgniter.php(942): App\Controllers\News->index()
 8 SYSTEMPATH\CodeIgniter.php(502): CodeIgniter\CodeIgniter->runController(Object(App\Controllers\News))
 9 SYSTEMPATH\CodeIgniter.php(361): CodeIgniter\CodeIgniter->handleRequest(null, Object(Config\Cache), false)
10 FCPATH\index.php(79): CodeIgniter\CodeIgniter->run()
CRITICAL - 2023-10-31 21:52:15 --> Array to string conversion
in APPPATH\Controllers\News.php on line 14.
 1 APPPATH\Controllers\News.php(14): CodeIgniter\Debug\Exceptions->errorHandler(2, 'Array to string conversion', 'C:\\xampp\\htdocs\\ci4\\app\\Controllers\\News.php', 14)
 2 SYSTEMPATH\CodeIgniter.php(942): App\Controllers\News->index()
 3 SYSTEMPATH\CodeIgniter.php(502): CodeIgniter\CodeIgniter->runController(Object(App\Controllers\News))
 4 SYSTEMPATH\CodeIgniter.php(361): CodeIgniter\CodeIgniter->handleRequest(null, Object(Config\Cache), false)
 5 FCPATH\index.php(79): CodeIgniter\CodeIgniter->run()
CRITICAL - 2023-10-31 21:58:01 --> Invalid file: "news/index.php"
in SYSTEMPATH\Exceptions\FrameworkException.php on line 39.
 1 SYSTEMPATH\View\View.php(216): CodeIgniter\Exceptions\FrameworkException::forInvalidFile('news/index.php')
 2 SYSTEMPATH\Common.php(1190): CodeIgniter\View\View->render('news/index', [], true)
 3 APPPATH\Controllers\News.php(19): view('news/index')
 4 SYSTEMPATH\CodeIgniter.php(942): App\Controllers\News->index()
 5 SYSTEMPATH\CodeIgniter.php(502): CodeIgniter\CodeIgniter->runController(Object(App\Controllers\News))
 6 SYSTEMPATH\CodeIgniter.php(361): CodeIgniter\CodeIgniter->handleRequest(null, Object(Config\Cache), false)
 7 FCPATH\index.php(79): CodeIgniter\CodeIgniter->run()
CRITICAL - 2023-10-31 22:09:56 --> Class "App\Controllers\PageNotFoundException" not found
in APPPATH\Controllers\News.php on line 31.
 1 SYSTEMPATH\CodeIgniter.php(942): App\Controllers\News->show('old')
 2 SYSTEMPATH\CodeIgniter.php(502): CodeIgniter\CodeIgniter->runController(Object(App\Controllers\News))
 3 SYSTEMPATH\CodeIgniter.php(361): CodeIgniter\CodeIgniter->handleRequest(null, Object(Config\Cache), false)
 4 FCPATH\index.php(79): CodeIgniter\CodeIgniter->run()
CRITICAL - 2023-10-31 22:10:09 --> Invalid file: "news/view.php"
in SYSTEMPATH\Exceptions\FrameworkException.php on line 39.
 1 SYSTEMPATH\View\View.php(216): CodeIgniter\Exceptions\FrameworkException::forInvalidFile('news/view.php')
 2 SYSTEMPATH\Common.php(1190): CodeIgniter\View\View->render('news/view', [], true)
 3 APPPATH\Controllers\News.php(37): view('news/view')
 4 SYSTEMPATH\CodeIgniter.php(942): App\Controllers\News->show('elvis-sighted')
 5 SYSTEMPATH\CodeIgniter.php(502): CodeIgniter\CodeIgniter->runController(Object(App\Controllers\News))
 6 SYSTEMPATH\CodeIgniter.php(361): CodeIgniter\CodeIgniter->handleRequest(null, Object(Config\Cache), false)
 7 FCPATH\index.php(79): CodeIgniter\CodeIgniter->run()
INFO - 2023-10-31 23:18:40 --> Session: Class initialized using 'CodeIgniter\Session\Handlers\FileHandler' driver.
INFO - 2023-10-31 23:31:10 --> Session: Class initialized using 'CodeIgniter\Session\Handlers\FileHandler' driver.
INFO - 2023-10-31 23:31:21 --> Session: Class initialized using 'CodeIgniter\Session\Handlers\FileHandler' driver.
INFO - 2023-10-31 23:31:42 --> Session: Class initialized using 'CodeIgniter\Session\Handlers\FileHandler' driver.
INFO - 2023-10-31 23:32:40 --> Session: Class initialized using 'CodeIgniter\Session\Handlers\FileHandler' driver.
INFO - 2023-10-31 23:32:51 --> CSRF token verified.
CRITICAL - 2023-10-31 23:32:51 --> Allowed fields must be specified for model: "App\Models\NewsModel"
in SYSTEMPATH\Model.php on line 736.
 1 SYSTEMPATH\Model.php(736): CodeIgniter\Database\Exceptions\DataException::forInvalidAllowedFields('App\\Models\\NewsModel')
 2 SYSTEMPATH\BaseModel.php(763): CodeIgniter\Model->doProtectFieldsForInsert([...])
 3 SYSTEMPATH\Model.php(715): CodeIgniter\BaseModel->insert([...], false)
 4 SYSTEMPATH\BaseModel.php(698): CodeIgniter\Model->insert([...], false)
 5 APPPATH\Controllers\News.php(70): CodeIgniter\BaseModel->save([...])
 6 SYSTEMPATH\CodeIgniter.php(942): App\Controllers\News->create()
 7 SYSTEMPATH\CodeIgniter.php(502): CodeIgniter\CodeIgniter->runController(Object(App\Controllers\News))
 8 SYSTEMPATH\CodeIgniter.php(361): CodeIgniter\CodeIgniter->handleRequest(null, Object(Config\Cache), false)
 9 FCPATH\index.php(79): CodeIgniter\CodeIgniter->run()
INFO - 2023-10-31 23:34:45 --> Session: Class initialized using 'CodeIgniter\Session\Handlers\FileHandler' driver.
INFO - 2023-10-31 23:35:09 --> CSRF token verified.
CRITICAL - 2023-10-31 23:35:09 --> Allowed fields must be specified for model: "App\Models\NewsModel"
in SYSTEMPATH\Model.php on line 736.
 1 SYSTEMPATH\Model.php(736): CodeIgniter\Database\Exceptions\DataException::forInvalidAllowedFields('App\\Models\\NewsModel')
 2 SYSTEMPATH\BaseModel.php(763): CodeIgniter\Model->doProtectFieldsForInsert([...])
 3 SYSTEMPATH\Model.php(715): CodeIgniter\BaseModel->insert([...], false)
 4 SYSTEMPATH\BaseModel.php(698): CodeIgniter\Model->insert([...], false)
 5 APPPATH\Controllers\News.php(70): CodeIgniter\BaseModel->save([...])
 6 SYSTEMPATH\CodeIgniter.php(942): App\Controllers\News->create()
 7 SYSTEMPATH\CodeIgniter.php(502): CodeIgniter\CodeIgniter->runController(Object(App\Controllers\News))
 8 SYSTEMPATH\CodeIgniter.php(361): CodeIgniter\CodeIgniter->handleRequest(null, Object(Config\Cache), false)
 9 FCPATH\index.php(79): CodeIgniter\CodeIgniter->run()
INFO - 2023-10-31 23:38:01 --> Session: Class initialized using 'CodeIgniter\Session\Handlers\FileHandler' driver.
INFO - 2023-10-31 23:38:09 --> Session: Class initialized using 'CodeIgniter\Session\Handlers\FileHandler' driver.
INFO - 2023-10-31 23:38:37 --> CSRF token verified.
CRITICAL - 2023-10-31 23:38:37 --> Allowed fields must be specified for model: "App\Models\NewsModel"
in SYSTEMPATH\Model.php on line 736.
 1 SYSTEMPATH\Model.php(736): CodeIgniter\Database\Exceptions\DataException::forInvalidAllowedFields('App\\Models\\NewsModel')
 2 SYSTEMPATH\BaseModel.php(763): CodeIgniter\Model->doProtectFieldsForInsert([...])
 3 SYSTEMPATH\Model.php(715): CodeIgniter\BaseModel->insert([...], false)
 4 SYSTEMPATH\BaseModel.php(698): CodeIgniter\Model->insert([...], false)
 5 APPPATH\Controllers\News.php(70): CodeIgniter\BaseModel->save([...])
 6 SYSTEMPATH\CodeIgniter.php(942): App\Controllers\News->create()
 7 SYSTEMPATH\CodeIgniter.php(502): CodeIgniter\CodeIgniter->runController(Object(App\Controllers\News))
 8 SYSTEMPATH\CodeIgniter.php(361): CodeIgniter\CodeIgniter->handleRequest(null, Object(Config\Cache), false)
 9 FCPATH\index.php(79): CodeIgniter\CodeIgniter->run()
